2018-11-09 16:21:26.728|INFO|45781|main|com.qianmi.autotest.ui.h5.test.SkuTest:48|Starting SkuTest on shifangfangdeMacBook-Pro.local with PID 45781 (/Users/shifangfang/ydh-autotest/d2p_wechat/target/classes started by shifangfang in /Users/shifangfang/ydh-autotest/d2p_wechat)|""
2018-11-09 16:21:26.728|DEBUG|45781|main|com.qianmi.autotest.ui.h5.test.SkuTest:51|Running with Spring Boot v1.3.3.RELEASE, Spring v4.2.5.RELEASE|""
2018-11-09 16:21:26.736|INFO|45781|main|com.qianmi.autotest.ui.h5.test.SkuTest:666|No active profile set, falling back to default profiles: default|""
2018-11-09 16:21:29.910|WARN|45781|main|com.qianmi.autotest.appium.common.AbstractAppiumResourceContainer:141|~~~~~||~~~~~ Start test by deviceName=Honor8|""
2018-11-09 16:21:30.744|ERROR|45781|main|com.qianmi.autotest.h5.common.ResourceContainer:73|Create appium driver fail  http://127.0.0.1:4723/wd/hub|"org.openqa.selenium.remote.UnreachableBrowserException: Could not start a new session. Possible causes are invalid address of the remote server or browser start-up failure.
Build info: version: '2.53.1', revision: 'a36b8b1cd5757287168e54b817830adce9b0158d', time: '2016-06-30 19:26:09'
System info: host: 'shifangfangdeMacBook-Pro.local', ip: '172.19.6.102', os.name: 'Mac OS X', os.arch: 'x86_64', os.version: '10.11.6', java.version: '1.8.0_161'
Driver info: driver.version: AndroidDriver
	at org.openqa.selenium.remote.RemoteWebDriver.execute(RemoteWebDriver.java:665)
	at io.appium.java_client.DefaultGenericMobileDriver.execute(DefaultGenericMobileDriver.java:40)
	at io.appium.java_client.AppiumDriver.execute(AppiumDriver.java:1)
	at io.appium.java_client.android.AndroidDriver.execute(AndroidDriver.java:1)
	at org.openqa.selenium.remote.RemoteWebDriver.startSession(RemoteWebDriver.java:249)
	at org.openqa.selenium.remote.RemoteWebDriver.<init>(RemoteWebDriver.java:131)
	at org.openqa.selenium.remote.RemoteWebDriver.<init>(RemoteWebDriver.java:144)
	at io.appium.java_client.DefaultGenericMobileDriver.<init>(DefaultGenericMobileDriver.java:36)
	at io.appium.java_client.AppiumDriver.<init>(AppiumDriver.java:114)
	at io.appium.java_client.AppiumDriver.<init>(AppiumDriver.java:132)
	at io.appium.java_client.android.AndroidDriver.<init>(AndroidDriver.java:92)
	at com.qianmi.autotest.h5.common.ResourceContainer.appiumDriver(ResourceContainer.java:68)
	at sun.reflect.NativeMethodAccessorImpl.invoke0(Native Method)
	at sun.reflect.NativeMethodAccessorImpl.invoke(NativeMethodAccessorImpl.java:62)
	at sun.reflect.DelegatingMethodAccessorImpl.invoke(DelegatingMethodAccessorImpl.java:43)
	at java.lang.reflect.Method.invoke(Method.java:498)
	at org.springframework.beans.factory.support.SimpleInstantiationStrategy.instantiate(SimpleInstantiationStrategy.java:162)
	at org.springframework.beans.factory.support.ConstructorResolver.instantiateUsingFactoryMethod(ConstructorResolver.java:5"
2018-11-09 16:21:30.747|INFO|45781|main|com.qianmi.autotest.appium.common.AbstractAppiumResourceContainer:76|begin to stop appium server|""
2018-11-09 16:23:08.511|INFO|45786|main|com.qianmi.autotest.ui.h5.test.SkuTest:48|Starting SkuTest on shifangfangdeMacBook-Pro.local with PID 45786 (/Users/shifangfang/ydh-autotest/d2p_wechat/target/classes started by shifangfang in /Users/shifangfang/ydh-autotest/d2p_wechat)|""
2018-11-09 16:23:08.511|DEBUG|45786|main|com.qianmi.autotest.ui.h5.test.SkuTest:51|Running with Spring Boot v1.3.3.RELEASE, Spring v4.2.5.RELEASE|""
2018-11-09 16:23:08.516|INFO|45786|main|com.qianmi.autotest.ui.h5.test.SkuTest:666|No active profile set, falling back to default profiles: default|""
2018-11-09 16:23:10.952|WARN|45786|main|com.qianmi.autotest.appium.common.AbstractAppiumResourceContainer:141|~~~~~||~~~~~ Start test by deviceName=Honor8|""
2018-11-09 16:23:12.274|ERROR|45786|main|com.qianmi.autotest.h5.common.ResourceContainer:73|Create appium driver fail  http://127.0.0.1:4723/wd/hub|"org.openqa.selenium.WebDriverException: An unknown server-side error occurred while processing the command. Original error: Unable to find an active device or emulator with OS 7.0. The following are available: WFF0216B23007876 (8.0.0) (WARNING: The server did not provide any stacktrace information)
Command duration or timeout: 620 milliseconds
Build info: version: '2.53.1', revision: 'a36b8b1cd5757287168e54b817830adce9b0158d', time: '2016-06-30 19:26:09'
System info: host: 'shifangfangdeMacBook-Pro.local', ip: '172.19.6.102', os.name: 'Mac OS X', os.arch: 'x86_64', os.version: '10.11.6', java.version: '1.8.0_161'
Driver info: io.appium.java_client.android.AndroidDriver
	at sun.reflect.NativeConstructorAccessorImpl.newInstance0(Native Method)
	at sun.reflect.NativeConstructorAccessorImpl.newInstance(NativeConstructorAccessorImpl.java:62)
	at sun.reflect.DelegatingConstructorAccessorImpl.newInstance(DelegatingConstructorAccessorImpl.java:45)
	at java.lang.reflect.Constructor.newInstance(Constructor.java:423)
	at org.openqa.selenium.remote.ErrorHandler.createThrowable(ErrorHandler.java:206)
	at org.openqa.selenium.remote.ErrorHandler.throwIfResponseFailed(ErrorHandler.java:158)
	at org.openqa.selenium.remote.RemoteWebDriver.execute(RemoteWebDriver.java:678)
	at io.appium.java_client.DefaultGenericMobileDriver.execute(DefaultGenericMobileDriver.java:40)
	at io.appium.java_client.AppiumDriver.execute(AppiumDriver.java:1)
	at io.appium.java_client.android.AndroidDriver.execute(AndroidDriver.java:1)
	at org.openqa.selenium.remote.RemoteWebDriver.startSession(RemoteWebDriver.java:249)
	at org.openqa.selenium.remote.RemoteWebDriver.<init>(RemoteWebDriver.java:131)
	at org.openqa.selenium.remote.RemoteWebDriver.<init>(RemoteWebDriver.java:144)
	at io.appium.java_client.DefaultGenericMobileDriver.<init>(DefaultGenericMobileDriver.java:36)
	at io.appium.java_client.AppiumDriver.<init>(AppiumDriver.java:114)
	at io.appium.java_client.AppiumDriver.<init>(AppiumDriver.java:132)
	a"
2018-11-09 16:23:12.277|INFO|45786|main|com.qianmi.autotest.appium.common.AbstractAppiumResourceContainer:76|begin to stop appium server|""
2018-11-09 16:47:09.759|INFO|45856|main|com.qianmi.autotest.ui.h5.test.SkuTest:48|Starting SkuTest on shifangfangdeMacBook-Pro.local with PID 45856 (/Users/shifangfang/ydh-autotest/d2p_wechat/target/classes started by shifangfang in /Users/shifangfang/ydh-autotest/d2p_wechat)|""
2018-11-09 16:47:09.759|DEBUG|45856|main|com.qianmi.autotest.ui.h5.test.SkuTest:51|Running with Spring Boot v1.3.3.RELEASE, Spring v4.2.5.RELEASE|""
2018-11-09 16:47:09.763|INFO|45856|main|com.qianmi.autotest.ui.h5.test.SkuTest:666|No active profile set, falling back to default profiles: default|""
2018-11-09 16:47:11.830|WARN|45856|main|com.qianmi.autotest.appium.common.AbstractAppiumResourceContainer:141|~~~~~||~~~~~ Start test by deviceName=Honor8|""
2018-11-09 16:47:12.985|ERROR|45856|main|com.qianmi.autotest.h5.common.ResourceContainer:73|Create appium driver fail  http://127.0.0.1:4723/wd/hub|"org.openqa.selenium.WebDriverException: An unknown server-side error occurred while processing the command. Original error: Unable to find an active device or emulator with OS 7.0. The following are available: WFF0216B23007876 (8.0.0) (WARNING: The server did not provide any stacktrace information)
Command duration or timeout: 455 milliseconds
Build info: version: '2.53.1', revision: 'a36b8b1cd5757287168e54b817830adce9b0158d', time: '2016-06-30 19:26:09'
System info: host: 'shifangfangdeMacBook-Pro.local', ip: '172.19.6.102', os.name: 'Mac OS X', os.arch: 'x86_64', os.version: '10.11.6', java.version: '1.8.0_161'
Driver info: io.appium.java_client.android.AndroidDriver
	at sun.reflect.NativeConstructorAccessorImpl.newInstance0(Native Method)
	at sun.reflect.NativeConstructorAccessorImpl.newInstance(NativeConstructorAccessorImpl.java:62)
	at sun.reflect.DelegatingConstructorAccessorImpl.newInstance(DelegatingConstructorAccessorImpl.java:45)
	at java.lang.reflect.Constructor.newInstance(Constructor.java:423)
	at org.openqa.selenium.remote.ErrorHandler.createThrowable(ErrorHandler.java:206)
	at org.openqa.selenium.remote.ErrorHandler.throwIfResponseFailed(ErrorHandler.java:158)
	at org.openqa.selenium.remote.RemoteWebDriver.execute(RemoteWebDriver.java:678)
	at io.appium.java_client.DefaultGenericMobileDriver.execute(DefaultGenericMobileDriver.java:40)
	at io.appium.java_client.AppiumDriver.execute(AppiumDriver.java:1)
	at io.appium.java_client.android.AndroidDriver.execute(AndroidDriver.java:1)
	at org.openqa.selenium.remote.RemoteWebDriver.startSession(RemoteWebDriver.java:249)
	at org.openqa.selenium.remote.RemoteWebDriver.<init>(RemoteWebDriver.java:131)
	at org.openqa.selenium.remote.RemoteWebDriver.<init>(RemoteWebDriver.java:144)
	at io.appium.java_client.DefaultGenericMobileDriver.<init>(DefaultGenericMobileDriver.java:36)
	at io.appium.java_client.AppiumDriver.<init>(AppiumDriver.java:114)
	at io.appium.java_client.AppiumDriver.<init>(AppiumDriver.java:132)
	a"
2018-11-09 16:47:12.988|INFO|45856|main|com.qianmi.autotest.appium.common.AbstractAppiumResourceContainer:76|begin to stop appium server|""
2018-11-09 16:49:43.162|INFO|45863|main|com.qianmi.autotest.ui.h5.test.SkuTest:48|Starting SkuTest on shifangfangdeMacBook-Pro.local with PID 45863 (/Users/shifangfang/ydh-autotest/d2p_wechat/target/classes started by shifangfang in /Users/shifangfang/ydh-autotest/d2p_wechat)|""
2018-11-09 16:49:43.163|DEBUG|45863|main|com.qianmi.autotest.ui.h5.test.SkuTest:51|Running with Spring Boot v1.3.3.RELEASE, Spring v4.2.5.RELEASE|""
2018-11-09 16:49:43.167|INFO|45863|main|com.qianmi.autotest.ui.h5.test.SkuTest:666|No active profile set, falling back to default profiles: default|""
2018-11-09 16:49:45.499|WARN|45863|main|com.qianmi.autotest.appium.common.AbstractAppiumResourceContainer:141|~~~~~||~~~~~ Start test by deviceName=Honor8|""
2018-11-09 16:49:57.090|INFO|45863|main|com.qianmi.autotest.ui.h5.test.SkuTest:57|Started SkuTest in 14.443 seconds (JVM running for 16.986)|""
2018-11-09 16:49:57.111|INFO|45863|main|com.qianmi.autotest.ui.h5.test.SkuTest:17|**************** searchProductWhenLogout started|""
2018-11-09 16:50:27.210|WARN|45863|main|com.qianmi.autotest.h5.common.PageTest:60|Login has error|"java.lang.NullPointerException: null
	at org.openqa.selenium.support.PageFactory.initElements(PageFactory.java:103)
	at org.openqa.selenium.support.PageFactory.initElements(PageFactory.java:92)
	at org.openqa.selenium.support.PageFactory.initElements(PageFactory.java:79)
	at com.qianmi.autotest.h5.common.PageTest.login(PageTest.java:56)
	at sun.reflect.NativeMethodAccessorImpl.invoke0(Native Method)
	at sun.reflect.NativeMethodAccessorImpl.invoke(NativeMethodAccessorImpl.java:62)
	at sun.reflect.DelegatingMethodAccessorImpl.invoke(DelegatingMethodAccessorImpl.java:43)
	at java.lang.reflect.Method.invoke(Method.java:498)
	at org.testng.internal.MethodInvocationHelper.invokeMethod(MethodInvocationHelper.java:85)
	at org.testng.internal.Invoker.invokeConfigurationMethod(Invoker.java:510)
	at org.testng.internal.Invoker.invokeConfigurations(Invoker.java:211)
	at org.testng.internal.Invoker.invokeMethod(Invoker.java:585)
	at org.testng.internal.Invoker.invokeTestMethod(Invoker.java:821)
	at org.testng.internal.Invoker.invokeTestMethods(Invoker.java:1131)
	at org.testng.internal.TestMethodWorker.invokeTestMethods(TestMethodWorker.java:124)
	at org.testng.internal.TestMethodWorker.run(TestMethodWorker.java:108)
	at org.testng.TestRunner.privateRun(TestRunner.java:773)
	at org.testng.TestRunner.run(TestRunner.java:623)
	at org.testng.SuiteRunner.runTest(SuiteRunner.java:357)
	at org.testng.SuiteRunner.runSequentially(SuiteRunner.java:352)
	at org.testng.SuiteRunner.privateRun(SuiteRunner.java:310)
	at org.testng.SuiteRunner.run(SuiteRunner.java:259)
	at org.testng.SuiteRunnerWorker.runSuite(SuiteRunnerWorker.java:52)
	at org.testng.SuiteRunnerWorker.run(SuiteRunnerWorker.java:86)
	at org.testng.TestNG.runSuitesSequentially(TestNG.java:1185)
	at org.testng.TestNG.runSuitesLocally(TestNG.java:1110)
	at org.testng.TestNG.run(TestNG.java:1018)
	at org.testng.IDEARemoteTestNG.run(IDEARemoteTestNG.java:72)
	at org.testng.RemoteTestNGStarter.main(RemoteTestNGStarter.java:122)
	at "
2018-11-09 16:50:27.212|INFO|45863|main|com.qianmi.autotest.ui.h5.test.SkuTest:19|*************************** searchProductWhenLogout start|""
2018-11-09 16:50:27.213|INFO|45863|main|com.qianmi.autotest.appium.page.AppiumBasePage:52|begin goto page com.qianmi.autotest.ui.h5.page.HomePage|""
2018-11-09 16:50:41.214|INFO|45863|main|com.qianmi.autotest.ui.h5.test.SkuTest:23|**************** searchProductWhenLogout finished|""
2018-11-09 16:50:42.514|INFO|45863|Thread-5|com.qianmi.autotest.appium.common.AbstractAppiumResourceContainer:76|begin to stop appium server|""
2018-11-09 17:44:53.778|INFO|46162|main|com.qianmi.autotest.ui.h5.test.SkuTest:48|Starting SkuTest on shifangfangdeMacBook-Pro.local with PID 46162 (/Users/shifangfang/ydh-autotest/d2p_wechat/target/classes started by shifangfang in /Users/shifangfang/ydh-autotest/d2p_wechat)|""
2018-11-09 17:44:53.779|DEBUG|46162|main|com.qianmi.autotest.ui.h5.test.SkuTest:51|Running with Spring Boot v1.3.3.RELEASE, Spring v4.2.5.RELEASE|""
2018-11-09 17:44:53.786|INFO|46162|main|com.qianmi.autotest.ui.h5.test.SkuTest:666|No active profile set, falling back to default profiles: default|""
2018-11-09 17:44:55.756|WARN|46162|main|com.qianmi.autotest.appium.common.AbstractAppiumResourceContainer:141|~~~~~||~~~~~ Start test by deviceName=Honor8|""
2018-11-09 17:45:06.477|INFO|46162|main|com.qianmi.autotest.ui.h5.test.SkuTest:57|Started SkuTest in 13.361 seconds (JVM running for 16.045)|""
2018-11-09 17:45:06.499|INFO|46162|main|com.qianmi.autotest.ui.h5.test.SkuTest:17|**************** searchProductWhenLogout started|""
2018-11-09 17:45:13.872|WARN|46162|main|com.qianmi.autotest.h5.common.PageTest:60|Login has error|"java.lang.NullPointerException: null
	at org.openqa.selenium.support.PageFactory.initElements(PageFactory.java:103)
	at org.openqa.selenium.support.PageFactory.initElements(PageFactory.java:92)
	at org.openqa.selenium.support.PageFactory.initElements(PageFactory.java:79)
	at com.qianmi.autotest.h5.common.PageTest.login(PageTest.java:56)
	at sun.reflect.NativeMethodAccessorImpl.invoke0(Native Method)
	at sun.reflect.NativeMethodAccessorImpl.invoke(NativeMethodAccessorImpl.java:62)
	at sun.reflect.DelegatingMethodAccessorImpl.invoke(DelegatingMethodAccessorImpl.java:43)
	at java.lang.reflect.Method.invoke(Method.java:498)
	at org.testng.internal.MethodInvocationHelper.invokeMethod(MethodInvocationHelper.java:85)
	at org.testng.internal.Invoker.invokeConfigurationMethod(Invoker.java:510)
	at org.testng.internal.Invoker.invokeConfigurations(Invoker.java:211)
	at org.testng.internal.Invoker.invokeMethod(Invoker.java:585)
	at org.testng.internal.Invoker.invokeTestMethod(Invoker.java:821)
	at org.testng.internal.Invoker.invokeTestMethods(Invoker.java:1131)
	at org.testng.internal.TestMethodWorker.invokeTestMethods(TestMethodWorker.java:124)
	at org.testng.internal.TestMethodWorker.run(TestMethodWorker.java:108)
	at org.testng.TestRunner.privateRun(TestRunner.java:773)
	at org.testng.TestRunner.run(TestRunner.java:623)
	at org.testng.SuiteRunner.runTest(SuiteRunner.java:357)
	at org.testng.SuiteRunner.runSequentially(SuiteRunner.java:352)
	at org.testng.SuiteRunner.privateRun(SuiteRunner.java:310)
	at org.testng.SuiteRunner.run(SuiteRunner.java:259)
	at org.testng.SuiteRunnerWorker.runSuite(SuiteRunnerWorker.java:52)
	at org.testng.SuiteRunnerWorker.run(SuiteRunnerWorker.java:86)
	at org.testng.TestNG.runSuitesSequentially(TestNG.java:1185)
	at org.testng.TestNG.runSuitesLocally(TestNG.java:1110)
	at org.testng.TestNG.run(TestNG.java:1018)
	at org.testng.IDEARemoteTestNG.run(IDEARemoteTestNG.java:72)
	at org.testng.RemoteTestNGStarter.main(RemoteTestNGStarter.java:122)
	at "
2018-11-09 17:45:13.873|INFO|46162|main|com.qianmi.autotest.ui.h5.test.SkuTest:19|*************************** searchProductWhenLogout start|""
2018-11-09 17:45:13.874|INFO|46162|main|com.qianmi.autotest.appium.page.AppiumBasePage:52|begin goto page com.qianmi.autotest.ui.h5.page.HomePage|""
2018-11-09 17:45:17.958|INFO|46162|main|com.qianmi.autotest.appium.page.AppiumBasePage:52|begin goto page com.qianmi.autotest.ui.h5.page.HomeSearch|""
2018-11-09 17:45:17.965|INFO|46162|main|com.qianmi.autotest.ui.h5.test.SkuTest:23|**************** searchProductWhenLogout finished|""
2018-11-09 17:45:19.307|INFO|46162|Thread-5|com.qianmi.autotest.appium.common.AbstractAppiumResourceContainer:76|begin to stop appium server|""
2018-11-09 17:46:24.750|INFO|46226|main|com.qianmi.autotest.ui.h5.test.SkuTest:48|Starting SkuTest on shifangfangdeMacBook-Pro.local with PID 46226 (/Users/shifangfang/ydh-autotest/d2p_wechat/target/classes started by shifangfang in /Users/shifangfang/ydh-autotest/d2p_wechat)|""
2018-11-09 17:46:24.750|DEBUG|46226|main|com.qianmi.autotest.ui.h5.test.SkuTest:51|Running with Spring Boot v1.3.3.RELEASE, Spring v4.2.5.RELEASE|""
2018-11-09 17:46:24.754|INFO|46226|main|com.qianmi.autotest.ui.h5.test.SkuTest:666|No active profile set, falling back to default profiles: default|""
2018-11-09 17:46:26.856|WARN|46226|main|com.qianmi.autotest.appium.common.AbstractAppiumResourceContainer:141|~~~~~||~~~~~ Start test by deviceName=Honor8|""
2018-11-09 17:46:36.492|INFO|46226|main|com.qianmi.autotest.ui.h5.test.SkuTest:57|Started SkuTest in 12.467 seconds (JVM running for 14.59)|""
2018-11-09 17:46:36.513|INFO|46226|main|com.qianmi.autotest.ui.h5.test.SkuTest:17|**************** searchProductWhenLogout started|""
2018-11-09 17:46:39.182|WARN|46226|main|com.qianmi.autotest.h5.common.PageTest:60|Login has error|"java.lang.NullPointerException: null
	at org.openqa.selenium.support.PageFactory.initElements(PageFactory.java:103)
	at org.openqa.selenium.support.PageFactory.initElements(PageFactory.java:92)
	at org.openqa.selenium.support.PageFactory.initElements(PageFactory.java:79)
	at com.qianmi.autotest.h5.common.PageTest.login(PageTest.java:56)
	at sun.reflect.NativeMethodAccessorImpl.invoke0(Native Method)
	at sun.reflect.NativeMethodAccessorImpl.invoke(NativeMethodAccessorImpl.java:62)
	at sun.reflect.DelegatingMethodAccessorImpl.invoke(DelegatingMethodAccessorImpl.java:43)
	at java.lang.reflect.Method.invoke(Method.java:498)
	at org.testng.internal.MethodInvocationHelper.invokeMethod(MethodInvocationHelper.java:85)
	at org.testng.internal.Invoker.invokeConfigurationMethod(Invoker.java:510)
	at org.testng.internal.Invoker.invokeConfigurations(Invoker.java:211)
	at org.testng.internal.Invoker.invokeMethod(Invoker.java:585)
	at org.testng.internal.Invoker.invokeTestMethod(Invoker.java:821)
	at org.testng.internal.Invoker.invokeTestMethods(Invoker.java:1131)
	at org.testng.internal.TestMethodWorker.invokeTestMethods(TestMethodWorker.java:124)
	at org.testng.internal.TestMethodWorker.run(TestMethodWorker.java:108)
	at org.testng.TestRunner.privateRun(TestRunner.java:773)
	at org.testng.TestRunner.run(TestRunner.java:623)
	at org.testng.SuiteRunner.runTest(SuiteRunner.java:357)
	at org.testng.SuiteRunner.runSequentially(SuiteRunner.java:352)
	at org.testng.SuiteRunner.privateRun(SuiteRunner.java:310)
	at org.testng.SuiteRunner.run(SuiteRunner.java:259)
	at org.testng.SuiteRunnerWorker.runSuite(SuiteRunnerWorker.java:52)
	at org.testng.SuiteRunnerWorker.run(SuiteRunnerWorker.java:86)
	at org.testng.TestNG.runSuitesSequentially(TestNG.java:1185)
	at org.testng.TestNG.runSuitesLocally(TestNG.java:1110)
	at org.testng.TestNG.run(TestNG.java:1018)
	at org.testng.IDEARemoteTestNG.run(IDEARemoteTestNG.java:72)
	at org.testng.RemoteTestNGStarter.main(RemoteTestNGStarter.java:122)
	at "
2018-11-09 17:46:39.184|INFO|46226|main|com.qianmi.autotest.ui.h5.test.SkuTest:19|*************************** searchProductWhenLogout start|""
2018-11-09 17:46:39.185|INFO|46226|main|com.qianmi.autotest.appium.page.AppiumBasePage:52|begin goto page com.qianmi.autotest.ui.h5.page.HomePage|""
2018-11-09 17:46:50.861|INFO|46226|main|com.qianmi.autotest.appium.page.AppiumBasePage:52|begin goto page com.qianmi.autotest.ui.h5.page.HomeSearch|""
2018-11-09 17:46:52.794|INFO|46226|main|com.qianmi.autotest.appium.page.AppiumBasePage:52|begin goto page com.qianmi.autotest.ui.h5.page.SearchResultPage|""
2018-11-09 17:46:52.801|INFO|46226|main|com.qianmi.autotest.ui.h5.test.SkuTest:23|**************** searchProductWhenLogout finished|""
2018-11-09 17:46:54.427|INFO|46226|Thread-5|com.qianmi.autotest.appium.common.AbstractAppiumResourceContainer:76|begin to stop appium server|""
2018-11-09 17:47:33.396|INFO|46286|main|com.qianmi.autotest.ui.h5.test.SkuTest:48|Starting SkuTest on shifangfangdeMacBook-Pro.local with PID 46286 (/Users/shifangfang/ydh-autotest/d2p_wechat/target/classes started by shifangfang in /Users/shifangfang/ydh-autotest/d2p_wechat)|""
2018-11-09 17:47:33.397|DEBUG|46286|main|com.qianmi.autotest.ui.h5.test.SkuTest:51|Running with Spring Boot v1.3.3.RELEASE, Spring v4.2.5.RELEASE|""
2018-11-09 17:47:33.411|INFO|46286|main|com.qianmi.autotest.ui.h5.test.SkuTest:666|No active profile set, falling back to default profiles: default|""
2018-11-09 17:47:35.326|WARN|46286|main|com.qianmi.autotest.appium.common.AbstractAppiumResourceContainer:141|~~~~~||~~~~~ Start test by deviceName=Honor8|""
2018-11-09 17:47:44.573|INFO|46286|main|com.qianmi.autotest.ui.h5.test.SkuTest:57|Started SkuTest in 12.013 seconds (JVM running for 13.954)|""
2018-11-09 17:47:44.597|INFO|46286|main|com.qianmi.autotest.ui.h5.test.SkuTest:17|**************** searchProductWhenLogout started|""
2018-11-09 17:47:52.445|WARN|46286|main|com.qianmi.autotest.h5.common.PageTest:60|Login has error|"java.lang.NullPointerException: null
	at org.openqa.selenium.support.PageFactory.initElements(PageFactory.java:103)
	at org.openqa.selenium.support.PageFactory.initElements(PageFactory.java:92)
	at org.openqa.selenium.support.PageFactory.initElements(PageFactory.java:79)
	at com.qianmi.autotest.h5.common.PageTest.login(PageTest.java:56)
	at sun.reflect.NativeMethodAccessorImpl.invoke0(Native Method)
	at sun.reflect.NativeMethodAccessorImpl.invoke(NativeMethodAccessorImpl.java:62)
	at sun.reflect.DelegatingMethodAccessorImpl.invoke(DelegatingMethodAccessorImpl.java:43)
	at java.lang.reflect.Method.invoke(Method.java:498)
	at org.testng.internal.MethodInvocationHelper.invokeMethod(MethodInvocationHelper.java:85)
	at org.testng.internal.Invoker.invokeConfigurationMethod(Invoker.java:510)
	at org.testng.internal.Invoker.invokeConfigurations(Invoker.java:211)
	at org.testng.internal.Invoker.invokeMethod(Invoker.java:585)
	at org.testng.internal.Invoker.invokeTestMethod(Invoker.java:821)
	at org.testng.internal.Invoker.invokeTestMethods(Invoker.java:1131)
	at org.testng.internal.TestMethodWorker.invokeTestMethods(TestMethodWorker.java:124)
	at org.testng.internal.TestMethodWorker.run(TestMethodWorker.java:108)
	at org.testng.TestRunner.privateRun(TestRunner.java:773)
	at org.testng.TestRunner.run(TestRunner.java:623)
	at org.testng.SuiteRunner.runTest(SuiteRunner.java:357)
	at org.testng.SuiteRunner.runSequentially(SuiteRunner.java:352)
	at org.testng.SuiteRunner.privateRun(SuiteRunner.java:310)
	at org.testng.SuiteRunner.run(SuiteRunner.java:259)
	at org.testng.SuiteRunnerWorker.runSuite(SuiteRunnerWorker.java:52)
	at org.testng.SuiteRunnerWorker.run(SuiteRunnerWorker.java:86)
	at org.testng.TestNG.runSuitesSequentially(TestNG.java:1185)
	at org.testng.TestNG.runSuitesLocally(TestNG.java:1110)
	at org.testng.TestNG.run(TestNG.java:1018)
	at org.testng.IDEARemoteTestNG.run(IDEARemoteTestNG.java:72)
	at org.testng.RemoteTestNGStarter.main(RemoteTestNGStarter.java:122)
	at "
2018-11-09 17:47:52.447|INFO|46286|main|com.qianmi.autotest.ui.h5.test.SkuTest:19|*************************** searchProductWhenLogout start|""
2018-11-09 17:47:52.448|INFO|46286|main|com.qianmi.autotest.appium.page.AppiumBasePage:52|begin goto page com.qianmi.autotest.ui.h5.page.HomePage|""
2018-11-09 17:47:56.770|INFO|46286|main|com.qianmi.autotest.appium.page.AppiumBasePage:52|begin goto page com.qianmi.autotest.ui.h5.page.HomeSearch|""
2018-11-09 17:47:58.824|INFO|46286|main|com.qianmi.autotest.appium.page.AppiumBasePage:52|begin goto page com.qianmi.autotest.ui.h5.page.SearchResultPage|""
2018-11-09 17:47:58.831|INFO|46286|main|com.qianmi.autotest.ui.h5.test.SkuTest:23|**************** searchProductWhenLogout finished|""
2018-11-09 17:47:59.952|INFO|46286|Thread-5|com.qianmi.autotest.appium.common.AbstractAppiumResourceContainer:76|begin to stop appium server|""
2018-11-09 18:03:47.857|INFO|46368|main|com.qianmi.autotest.ui.h5.test.SkuTest:48|Starting SkuTest on shifangfangdeMacBook-Pro.local with PID 46368 (/Users/shifangfang/ydh-autotest/d2p_wechat/target/classes started by shifangfang in /Users/shifangfang/ydh-autotest/d2p_wechat)|""
2018-11-09 18:03:47.857|DEBUG|46368|main|com.qianmi.autotest.ui.h5.test.SkuTest:51|Running with Spring Boot v1.3.3.RELEASE, Spring v4.2.5.RELEASE|""
2018-11-09 18:03:47.861|INFO|46368|main|com.qianmi.autotest.ui.h5.test.SkuTest:666|No active profile set, falling back to default profiles: default|""
2018-11-09 18:03:50.089|WARN|46368|main|com.qianmi.autotest.appium.common.AbstractAppiumResourceContainer:141|~~~~~||~~~~~ Start test by deviceName=Honor8|""
2018-11-09 18:03:59.228|INFO|46368|main|com.qianmi.autotest.ui.h5.test.SkuTest:57|Started SkuTest in 11.915 seconds (JVM running for 14.537)|""
2018-11-09 18:03:59.259|INFO|46368|main|com.qianmi.autotest.ui.h5.test.SkuTest:17|**************** searchProductWhenLogout started|""
2018-11-09 18:04:33.228|WARN|46368|main|com.qianmi.autotest.h5.common.PageTest:60|Login has error|"java.lang.NullPointerException: null
	at org.openqa.selenium.support.PageFactory.initElements(PageFactory.java:103)
	at org.openqa.selenium.support.PageFactory.initElements(PageFactory.java:92)
	at org.openqa.selenium.support.PageFactory.initElements(PageFactory.java:79)
	at com.qianmi.autotest.h5.common.PageTest.login(PageTest.java:56)
	at sun.reflect.NativeMethodAccessorImpl.invoke0(Native Method)
	at sun.reflect.NativeMethodAccessorImpl.invoke(NativeMethodAccessorImpl.java:62)
	at sun.reflect.DelegatingMethodAccessorImpl.invoke(DelegatingMethodAccessorImpl.java:43)
	at java.lang.reflect.Method.invoke(Method.java:498)
	at org.testng.internal.MethodInvocationHelper.invokeMethod(MethodInvocationHelper.java:85)
	at org.testng.internal.Invoker.invokeConfigurationMethod(Invoker.java:510)
	at org.testng.internal.Invoker.invokeConfigurations(Invoker.java:211)
	at org.testng.internal.Invoker.invokeMethod(Invoker.java:585)
	at org.testng.internal.Invoker.invokeTestMethod(Invoker.java:821)
	at org.testng.internal.Invoker.invokeTestMethods(Invoker.java:1131)
	at org.testng.internal.TestMethodWorker.invokeTestMethods(TestMethodWorker.java:124)
	at org.testng.internal.TestMethodWorker.run(TestMethodWorker.java:108)
	at org.testng.TestRunner.privateRun(TestRunner.java:773)
	at org.testng.TestRunner.run(TestRunner.java:623)
	at org.testng.SuiteRunner.runTest(SuiteRunner.java:357)
	at org.testng.SuiteRunner.runSequentially(SuiteRunner.java:352)
	at org.testng.SuiteRunner.privateRun(SuiteRunner.java:310)
	at org.testng.SuiteRunner.run(SuiteRunner.java:259)
	at org.testng.SuiteRunnerWorker.runSuite(SuiteRunnerWorker.java:52)
	at org.testng.SuiteRunnerWorker.run(SuiteRunnerWorker.java:86)
	at org.testng.TestNG.runSuitesSequentially(TestNG.java:1185)
	at org.testng.TestNG.runSuitesLocally(TestNG.java:1110)
	at org.testng.TestNG.run(TestNG.java:1018)
	at org.testng.IDEARemoteTestNG.run(IDEARemoteTestNG.java:72)
	at org.testng.RemoteTestNGStarter.main(RemoteTestNGStarter.java:122)
	at "
2018-11-09 18:04:33.234|INFO|46368|main|com.qianmi.autotest.ui.h5.test.SkuTest:19|*************************** searchProductWhenLogout start|""
2018-11-09 18:04:33.235|INFO|46368|main|com.qianmi.autotest.appium.page.AppiumBasePage:52|begin goto page com.qianmi.autotest.ui.h5.page.HomePage|""
2018-11-09 18:04:37.406|INFO|46368|main|com.qianmi.autotest.appium.page.AppiumBasePage:52|begin goto page com.qianmi.autotest.ui.h5.page.HomeSearch|""
2018-11-09 18:04:39.411|INFO|46368|main|com.qianmi.autotest.appium.page.AppiumBasePage:52|begin goto page com.qianmi.autotest.ui.h5.page.SearchResultPage|""
2018-11-09 18:04:39.424|INFO|46368|main|com.qianmi.autotest.ui.h5.test.SkuTest:23|**************** searchProductWhenLogout finished|""
2018-11-09 18:04:40.444|INFO|46368|Thread-5|com.qianmi.autotest.appium.common.AbstractAppiumResourceContainer:76|begin to stop appium server|""
2018-11-09 18:21:07.063|INFO|46616|main|com.qianmi.autotest.ui.h5.test.SkuTest:48|Starting SkuTest on shifangfangdeMacBook-Pro.local with PID 46616 (/Users/shifangfang/ydh-autotest/d2p_wechat/target/classes started by shifangfang in /Users/shifangfang/ydh-autotest/d2p_wechat)|""
2018-11-09 18:21:07.063|DEBUG|46616|main|com.qianmi.autotest.ui.h5.test.SkuTest:51|Running with Spring Boot v1.3.3.RELEASE, Spring v4.2.5.RELEASE|""
2018-11-09 18:21:07.070|INFO|46616|main|com.qianmi.autotest.ui.h5.test.SkuTest:666|No active profile set, falling back to default profiles: default|""
2018-11-09 18:21:09.565|WARN|46616|main|com.qianmi.autotest.appium.common.AbstractAppiumResourceContainer:141|~~~~~||~~~~~ Start test by deviceName=Honor8|""
2018-11-09 18:21:18.449|INFO|46616|main|com.qianmi.autotest.ui.h5.test.SkuTest:57|Started SkuTest in 12.046 seconds (JVM running for 14.728)|""
2018-11-09 18:21:18.485|INFO|46616|main|com.qianmi.autotest.ui.h5.test.SkuTest:17|**************** searchProductWhenLogout started|""
2018-11-09 18:21:29.628|WARN|46616|main|com.qianmi.autotest.h5.common.PageTest:60|Login has error|"java.lang.NullPointerException: null
	at org.openqa.selenium.support.PageFactory.initElements(PageFactory.java:103)
	at org.openqa.selenium.support.PageFactory.initElements(PageFactory.java:92)
	at org.openqa.selenium.support.PageFactory.initElements(PageFactory.java:79)
	at com.qianmi.autotest.h5.common.PageTest.login(PageTest.java:56)
	at sun.reflect.NativeMethodAccessorImpl.invoke0(Native Method)
	at sun.reflect.NativeMethodAccessorImpl.invoke(NativeMethodAccessorImpl.java:62)
	at sun.reflect.DelegatingMethodAccessorImpl.invoke(DelegatingMethodAccessorImpl.java:43)
	at java.lang.reflect.Method.invoke(Method.java:498)
	at org.testng.internal.MethodInvocationHelper.invokeMethod(MethodInvocationHelper.java:85)
	at org.testng.internal.Invoker.invokeConfigurationMethod(Invoker.java:510)
	at org.testng.internal.Invoker.invokeConfigurations(Invoker.java:211)
	at org.testng.internal.Invoker.invokeMethod(Invoker.java:585)
	at org.testng.internal.Invoker.invokeTestMethod(Invoker.java:821)
	at org.testng.internal.Invoker.invokeTestMethods(Invoker.java:1131)
	at org.testng.internal.TestMethodWorker.invokeTestMethods(TestMethodWorker.java:124)
	at org.testng.internal.TestMethodWorker.run(TestMethodWorker.java:108)
	at org.testng.TestRunner.privateRun(TestRunner.java:773)
	at org.testng.TestRunner.run(TestRunner.java:623)
	at org.testng.SuiteRunner.runTest(SuiteRunner.java:357)
	at org.testng.SuiteRunner.runSequentially(SuiteRunner.java:352)
	at org.testng.SuiteRunner.privateRun(SuiteRunner.java:310)
	at org.testng.SuiteRunner.run(SuiteRunner.java:259)
	at org.testng.SuiteRunnerWorker.runSuite(SuiteRunnerWorker.java:52)
	at org.testng.SuiteRunnerWorker.run(SuiteRunnerWorker.java:86)
	at org.testng.TestNG.runSuitesSequentially(TestNG.java:1185)
	at org.testng.TestNG.runSuitesLocally(TestNG.java:1110)
	at org.testng.TestNG.run(TestNG.java:1018)
	at org.testng.IDEARemoteTestNG.run(IDEARemoteTestNG.java:72)
	at org.testng.RemoteTestNGStarter.main(RemoteTestNGStarter.java:122)
	at "
2018-11-09 18:21:29.632|INFO|46616|main|com.qianmi.autotest.ui.h5.test.SkuTest:19|*************************** searchProductWhenLogout start|""
2018-11-09 18:21:29.632|INFO|46616|main|com.qianmi.autotest.appium.page.AppiumBasePage:52|begin goto page com.qianmi.autotest.ui.h5.page.HomePage|""
2018-11-09 18:21:33.784|INFO|46616|main|com.qianmi.autotest.appium.page.AppiumBasePage:52|begin goto page com.qianmi.autotest.ui.h5.page.HomeSearch|""
2018-11-09 18:21:36.088|INFO|46616|main|com.qianmi.autotest.appium.page.AppiumBasePage:52|begin goto page com.qianmi.autotest.ui.h5.page.SearchResultPage|""
2018-11-09 18:21:37.018|INFO|46616|main|com.qianmi.autotest.appium.page.AppiumBasePage:52|begin goto page com.qianmi.autotest.ui.h5.page.HomePage|""
2018-11-09 18:21:37.020|INFO|46616|main|com.qianmi.autotest.ui.h5.test.SkuTest:23|**************** searchProductWhenLogout finished|""
2018-11-09 18:21:38.075|INFO|46616|Thread-5|com.qianmi.autotest.appium.common.AbstractAppiumResourceContainer:76|begin to stop appium server|""
